  AssetManager.cpp
c:\users\tomas\documents\github\light-cycle-sfml\lightcyclessfml\lightcyclessfml\utils.h(90): warning C4244: 'argument': conversion from 'float' to 'int', possible loss of data
  LightCyclesSFML.cpp
c:\users\tomas\documents\github\light-cycle-sfml\lightcyclessfml\lightcyclessfml\utils.h(90): warning C4244: 'argument': conversion from 'float' to 'int', possible loss of data
LightCyclesSFML.cpp(62): warning C4244: 'argument': conversion from 'const float' to 'int', possible loss of data
LightCyclesSFML.cpp(72): warning C4244: 'argument': conversion from 'const float' to 'int', possible loss of data
LightCyclesSFML.cpp(82): warning C4244: 'argument': conversion from 'const float' to 'int', possible loss of data
LightCyclesSFML.cpp(93): warning C4244: 'argument': conversion from 'size_t' to 'float', possible loss of data
  Npc.cpp
c:\users\tomas\documents\github\light-cycle-sfml\lightcyclessfml\lightcyclessfml\utils.h(90): warning C4244: 'argument': conversion from 'float' to 'int', possible loss of data
Npc.cpp(20): warning C4244: 'argument': conversion from 'time_t' to 'unsigned int', possible loss of data
  Player.cpp
c:\users\tomas\documents\github\light-cycle-sfml\lightcyclessfml\lightcyclessfml\utils.h(90): warning C4244: 'argument': conversion from 'float' to 'int', possible loss of data
  Tile.cpp
c:\users\tomas\documents\github\light-cycle-sfml\lightcyclessfml\lightcyclessfml\utils.h(90): warning C4244: 'argument': conversion from 'float' to 'int', possible loss of data
  UiButton.cpp
c:\users\tomas\documents\github\light-cycle-sfml\lightcyclessfml\lightcyclessfml\utils.h(90): warning C4244: 'argument': conversion from 'float' to 'int', possible loss of data
UiButton.cpp(14): warning C4244: 'argument': conversion from 'const float' to 'int', possible loss of data
  Generating code
  0 of 406 functions ( 0.0%) were compiled, the rest were copied from previous compilation.
    0 functions were new in current compilation
    16 functions had inline decision re-evaluated but remain unchanged
  Finished generating code
  LightCyclesSFML.vcxproj -> C:\Users\tomas\Documents\GitHub\Light-Cycle-SFML\LightCyclesSFML\Release\LightCyclesSFML.exe
